Library/Bee/Android/Prj/IL2CPP/Gradle/launcher/build/intermediates/manifest_merge_blame_file/release/manifest-merger-blame-release-report.txt
1<?xml version="1.0" encoding="utf-8"?>
2<manifest xmlns:android="http://schemas.android.com/apk/res/android"
3    package="com.unity.vrtemplate"
4    android:installLocation="preferExternal"
5    android:versionCode="1"
6    android:versionName="0.1" >
7
8    <uses-sdk
9        android:minSdkVersion="29"
9-->src\main\AndroidManifest.xml
10        android:targetSdkVersion="34" />
10-->src\main\AndroidManifest.xml
11
12    <supports-screens
12-->src\main\AndroidManifest.xml:4:3-163
13        android:anyDensity="true"
13-->src\main\AndroidManifest.xml:4:135-160
14        android:largeScreens="true"
14-->src\main\AndroidManifest.xml:4:78-105
15        android:normalScreens="true"
15-->src\main\AndroidManifest.xml:4:49-77
16        android:smallScreens="true"
16-->src\main\AndroidManifest.xml:4:21-48
17        android:xlargeScreens="true" />
17-->src\main\AndroidManifest.xml:4:106-134
18
19    <uses-permission android:name="android.permission.INTERNET" />
19-->[:unityLibrary] AndroidManifest.xml:10:5-67
19-->[:unityLibrary] AndroidManifest.xml:10:22-64
20
21    <uses-feature android:glEsVersion="0x00030000" />
21-->[:unityLibrary] AndroidManifest.xml:12:5-54
21-->[:unityLibrary] AndroidManifest.xml:12:19-51
22    <uses-feature
22-->[:unityLibrary] AndroidManifest.xml:13:5-15:36
23        android:name="android.hardware.vulkan.version"
23-->[:unityLibrary] AndroidManifest.xml:14:9-55
24        android:required="false" />
24-->[:unityLibrary] AndroidManifest.xml:15:9-33
25    <uses-feature
25-->[:unityLibrary] AndroidManifest.xml:16:5-18:36
26        android:name="android.hardware.touchscreen"
26-->[:unityLibrary] AndroidManifest.xml:17:9-52
27        android:required="false" />
27-->[:unityLibrary] AndroidManifest.xml:18:9-33
28    <uses-feature
28-->[:unityLibrary] AndroidManifest.xml:19:5-21:36
29        android:name="android.hardware.touchscreen.multitouch"
29-->[:unityLibrary] AndroidManifest.xml:20:9-63
30        android:required="false" />
30-->[:unityLibrary] AndroidManifest.xml:21:9-33
31    <uses-feature
31-->[:unityLibrary] AndroidManifest.xml:22:5-24:36
32        android:name="android.hardware.touchscreen.multitouch.distinct"
32-->[:unityLibrary] AndroidManifest.xml:23:9-72
33        android:required="false" />
33-->[:unityLibrary] AndroidManifest.xml:24:9-33
34
35    <uses-permission android:name="android.permission.WRITE_SETTINGS" />
35-->[:unityLibrary] AndroidManifest.xml:26:5-73
35-->[:unityLibrary] AndroidManifest.xml:26:22-70
36
37    <application
37-->src\main\AndroidManifest.xml:3:3-83
38        android:allowBackup="false"
38-->[:pxr_api-release:] AndroidManifest.xml:9:18-45
39        android:extractNativeLibs="true"
39-->[:unityLibrary] AndroidManifest.xml:29:9-41
40        android:icon="@mipmap/app_icon"
40-->src\main\AndroidManifest.xml:3:49-80
41        android:label="@string/app_name"
41-->src\main\AndroidManifest.xml:3:16-48
42        android:requestLegacyExternalStorage="true" >
42-->[:unityLibrary] AndroidManifest.xml:30:9-52
43        <meta-data
43-->[:unityLibrary] AndroidManifest.xml:31:9-33:33
44            android:name="unity.splash-mode"
44-->[:unityLibrary] AndroidManifest.xml:32:13-45
45            android:value="0" />
45-->[:unityLibrary] AndroidManifest.xml:33:13-30
46        <meta-data
46-->[:unityLibrary] AndroidManifest.xml:34:9-36:36
47            android:name="unity.splash-enable"
47-->[:unityLibrary] AndroidManifest.xml:35:13-47
48            android:value="True" />
48-->[:unityLibrary] AndroidManifest.xml:36:13-33
49        <meta-data
49-->[:unityLibrary] AndroidManifest.xml:37:9-39:36
50            android:name="unity.launch-fullscreen"
50-->[:unityLibrary] AndroidManifest.xml:38:13-51
51            android:value="True" />
51-->[:unityLibrary] AndroidManifest.xml:39:13-33
52        <meta-data
52-->[:unityLibrary] AndroidManifest.xml:40:9-42:37
53            android:name="unity.allow-resizable-window"
53-->[:unityLibrary] AndroidManifest.xml:41:13-56
54            android:value="False" />
54-->[:unityLibrary] AndroidManifest.xml:42:13-34
55        <meta-data
55-->[:unityLibrary] AndroidManifest.xml:43:9-45:50
56            android:name="notch.config"
56-->[:unityLibrary] AndroidManifest.xml:44:13-40
57            android:value="portrait|landscape" />
57-->[:unityLibrary] AndroidManifest.xml:45:13-47
58        <meta-data
58-->[:unityLibrary] AndroidManifest.xml:46:9-48:36
59            android:name="unity.auto-report-fully-drawn"
59-->[:unityLibrary] AndroidManifest.xml:47:13-57
60            android:value="true" />
60-->[:unityLibrary] AndroidManifest.xml:48:13-33
61
62        <activity
62-->[:unityLibrary] AndroidManifest.xml:50:9-71:20
63            android:name="com.unity3d.player.UnityPlayerActivity"
63-->[:unityLibrary] AndroidManifest.xml:51:13-66
64            android:configChanges="mcc|mnc|locale|touchscreen|keyboard|keyboardHidden|navigation|orientation|screenLayout|uiMode|screenSize|smallestScreenSize|fontScale|layoutDirection|density"
64-->[:unityLibrary] AndroidManifest.xml:52:13-194
65            android:exported="true"
65-->[:unityLibrary] AndroidManifest.xml:53:13-36
66            android:hardwareAccelerated="false"
66-->[:unityLibrary] AndroidManifest.xml:54:13-48
67            android:launchMode="singleTask"
67-->[:unityLibrary] AndroidManifest.xml:55:13-44
68            android:resizeableActivity="false"
68-->[:unityLibrary] AndroidManifest.xml:56:13-47
69            android:screenOrientation="landscape"
69-->[:unityLibrary] AndroidManifest.xml:57:13-50
70            android:theme="@style/UnityThemeSelector" >
70-->[:unityLibrary] AndroidManifest.xml:58:13-54
71            <intent-filter>
71-->[:unityLibrary] AndroidManifest.xml:59:13-63:29
72                <category android:name="android.intent.category.LAUNCHER" />
72-->[:unityLibrary] AndroidManifest.xml:60:17-77
72-->[:unityLibrary] AndroidManifest.xml:60:27-74
73
74                <action android:name="android.intent.action.MAIN" />
74-->[:unityLibrary] AndroidManifest.xml:62:17-69
74-->[:unityLibrary] AndroidManifest.xml:62:25-66
75            </intent-filter>
76
77            <meta-data
77-->[:unityLibrary] AndroidManifest.xml:65:13-67:40
78                android:name="unityplayer.UnityActivity"
78-->[:unityLibrary] AndroidManifest.xml:66:17-57
79                android:value="true" />
79-->[:unityLibrary] AndroidManifest.xml:67:17-37
80            <meta-data
80-->[:unityLibrary] AndroidManifest.xml:68:13-70:40
81                android:name="notch_support"
81-->[:unityLibrary] AndroidManifest.xml:69:17-45
82                android:value="true" />
82-->[:unityLibrary] AndroidManifest.xml:70:17-37
83        </activity>
84
85        <meta-data
85-->[:unityLibrary] AndroidManifest.xml:73:9-75:64
86            android:name="pvr.app.id"
86-->[:unityLibrary] AndroidManifest.xml:74:13-38
87            android:value="914b2d933e06706d8d33446fdb401357" />
87-->[:unityLibrary] AndroidManifest.xml:75:13-61
88        <meta-data
88-->[:unityLibrary] AndroidManifest.xml:76:9-78:36
89            android:name="use_record_highlight_feature"
89-->[:unityLibrary] AndroidManifest.xml:77:13-56
90            android:value="True" />
90-->[:unityLibrary] AndroidManifest.xml:78:13-33
91        <meta-data
91-->[:unityLibrary] AndroidManifest.xml:79:9-81:34
92            android:name="pvr.app.type"
92-->[:unityLibrary] AndroidManifest.xml:80:13-40
93            android:value="vr" />
93-->[:unityLibrary] AndroidManifest.xml:81:13-31
94        <meta-data
94-->[:unityLibrary] AndroidManifest.xml:82:9-84:49
95            android:name="pvr.sdk.version"
95-->[:unityLibrary] AndroidManifest.xml:83:13-43
96            android:value="XR Platform_2.3.4" />
96-->[:unityLibrary] AndroidManifest.xml:84:13-46
97        <meta-data
97-->[:unityLibrary] AndroidManifest.xml:85:9-87:33
98            android:name="enable_cpt"
98-->[:unityLibrary] AndroidManifest.xml:86:13-38
99            android:value="0" />
99-->[:unityLibrary] AndroidManifest.xml:87:13-30
100        <meta-data
100-->[:unityLibrary] AndroidManifest.xml:88:9-90:33
101            android:name="handtracking"
101-->[:unityLibrary] AndroidManifest.xml:89:13-40
102            android:value="0" />
102-->[:unityLibrary] AndroidManifest.xml:90:13-30
103        <meta-data
103-->[:unityLibrary] AndroidManifest.xml:91:9-93:33
104            android:name="rendering_mode"
104-->[:unityLibrary] AndroidManifest.xml:92:13-42
105            android:value="0" />
105-->[:unityLibrary] AndroidManifest.xml:93:13-30
106        <meta-data
106-->[:unityLibrary] AndroidManifest.xml:94:9-96:33
107            android:name="display_rate"
107-->[:unityLibrary] AndroidManifest.xml:95:13-40
108            android:value="0" />
108-->[:unityLibrary] AndroidManifest.xml:96:13-30
109        <meta-data
109-->[:unityLibrary] AndroidManifest.xml:97:9-99:33
110            android:name="color_Space"
110-->[:unityLibrary] AndroidManifest.xml:98:13-39
111            android:value="1" />
111-->[:unityLibrary] AndroidManifest.xml:99:13-30
112        <meta-data
112-->[:unityLibrary] AndroidManifest.xml:100:9-102:33
113            android:name="MRCsupport"
113-->[:unityLibrary] AndroidManifest.xml:101:13-38
114            android:value="1" />
114-->[:unityLibrary] AndroidManifest.xml:102:13-30
115        <meta-data
115-->[:unityLibrary] AndroidManifest.xml:103:9-105:33
116            android:name="pvr.LateLatching"
116-->[:unityLibrary] AndroidManifest.xml:104:13-44
117            android:value="0" />
117-->[:unityLibrary] AndroidManifest.xml:105:13-30
118        <meta-data
118-->[:unityLibrary] AndroidManifest.xml:106:9-108:33
119            android:name="pvr.LateLatchingDebug"
119-->[:unityLibrary] AndroidManifest.xml:107:13-49
120            android:value="0" />
120-->[:unityLibrary] AndroidManifest.xml:108:13-30
121        <meta-data
121-->[:unityLibrary] AndroidManifest.xml:109:9-111:33
122            android:name="pvr.app.splash"
122-->[:unityLibrary] AndroidManifest.xml:110:13-42
123            android:value="0" />
123-->[:unityLibrary] AndroidManifest.xml:111:13-30
124        <meta-data
124-->[:unityLibrary] AndroidManifest.xml:112:9-114:33
125            android:name="PICO.swift.feature"
125-->[:unityLibrary] AndroidManifest.xml:113:13-46
126            android:value="0" />
126-->[:unityLibrary] AndroidManifest.xml:114:13-30
127        <meta-data
127-->[:unityLibrary] AndroidManifest.xml:115:9-117:33
128            android:name="adaptive_resolution"
128-->[:unityLibrary] AndroidManifest.xml:116:13-47
129            android:value="0" />
129-->[:unityLibrary] AndroidManifest.xml:117:13-30
130        <meta-data
130-->[:unityLibrary] AndroidManifest.xml:118:9-120:33
131            android:name="mr_map_require"
131-->[:unityLibrary] AndroidManifest.xml:119:13-42
132            android:value="0" />
132-->[:unityLibrary] AndroidManifest.xml:120:13-30
133        <meta-data
133-->[:unityLibrary] AndroidManifest.xml:121:9-123:33
134            android:name="enable_mr"
134-->[:unityLibrary] AndroidManifest.xml:122:13-37
135            android:value="0" />
135-->[:unityLibrary] AndroidManifest.xml:123:13-30
136        <meta-data
136-->[:unityLibrary] AndroidManifest.xml:124:9-126:33
137            android:name="enable_vst"
137-->[:unityLibrary] AndroidManifest.xml:125:13-38
138            android:value="0" />
138-->[:unityLibrary] AndroidManifest.xml:126:13-30
139        <meta-data
139-->[:unityLibrary] AndroidManifest.xml:127:9-129:33
140            android:name="enable_anchor"
140-->[:unityLibrary] AndroidManifest.xml:128:13-41
141            android:value="0" />
141-->[:unityLibrary] AndroidManifest.xml:129:13-30
142        <meta-data
142-->[:unityLibrary] AndroidManifest.xml:130:9-132:33
143            android:name="mr_map_mgr_auto_start"
143-->[:unityLibrary] AndroidManifest.xml:131:13-49
144            android:value="0" />
144-->[:unityLibrary] AndroidManifest.xml:132:13-30
145        <meta-data
145-->[:unityLibrary] AndroidManifest.xml:73:9-75:64
146            android:name="pvr.app.id"
146-->[:unityLibrary] AndroidManifest.xml:74:13-38
147            android:value="914b2d933e06706d8d33446fdb401357" />
147-->[:unityLibrary] AndroidManifest.xml:75:13-61
148        <meta-data
148-->[:unityLibrary] AndroidManifest.xml:76:9-78:36
149            android:name="use_record_highlight_feature"
149-->[:unityLibrary] AndroidManifest.xml:77:13-56
150            android:value="True" />
150-->[:unityLibrary] AndroidManifest.xml:78:13-33
151        <meta-data
151-->[:unityLibrary] AndroidManifest.xml:73:9-75:64
152            android:name="pvr.app.id"
152-->[:unityLibrary] AndroidManifest.xml:74:13-38
153            android:value="914b2d933e06706d8d33446fdb401357" />
153-->[:unityLibrary] AndroidManifest.xml:75:13-61
154        <meta-data
154-->[:unityLibrary] AndroidManifest.xml:76:9-78:36
155            android:name="use_record_highlight_feature"
155-->[:unityLibrary] AndroidManifest.xml:77:13-56
156            android:value="True" />
156-->[:unityLibrary] AndroidManifest.xml:78:13-33
157        <meta-data
157-->[:unityLibrary] AndroidManifest.xml:73:9-75:64
158            android:name="pvr.app.id"
158-->[:unityLibrary] AndroidManifest.xml:74:13-38
159            android:value="914b2d933e06706d8d33446fdb401357" />
159-->[:unityLibrary] AndroidManifest.xml:75:13-61
160        <meta-data
160-->[:unityLibrary] AndroidManifest.xml:76:9-78:36
161            android:name="use_record_highlight_feature"
161-->[:unityLibrary] AndroidManifest.xml:77:13-56
162            android:value="True" />
162-->[:unityLibrary] AndroidManifest.xml:78:13-33
163        <meta-data
163-->[:unityLibrary] AndroidManifest.xml:73:9-75:64
164            android:name="pvr.app.id"
164-->[:unityLibrary] AndroidManifest.xml:74:13-38
165            android:value="914b2d933e06706d8d33446fdb401357" />
165-->[:unityLibrary] AndroidManifest.xml:75:13-61
166        <meta-data
166-->[:unityLibrary] AndroidManifest.xml:76:9-78:36
167            android:name="use_record_highlight_feature"
167-->[:unityLibrary] AndroidManifest.xml:77:13-56
168            android:value="True" />
168-->[:unityLibrary] AndroidManifest.xml:78:13-33
169        <meta-data
169-->[:unityLibrary] AndroidManifest.xml:73:9-75:64
170            android:name="pvr.app.id"
170-->[:unityLibrary] AndroidManifest.xml:74:13-38
171            android:value="914b2d933e06706d8d33446fdb401357" />
171-->[:unityLibrary] AndroidManifest.xml:75:13-61
172        <meta-data
172-->[:unityLibrary] AndroidManifest.xml:76:9-78:36
173            android:name="use_record_highlight_feature"
173-->[:unityLibrary] AndroidManifest.xml:77:13-56
174            android:value="True" />
174-->[:unityLibrary] AndroidManifest.xml:78:13-33
175        <meta-data
175-->[:unityLibrary] AndroidManifest.xml:73:9-75:64
176            android:name="pvr.app.id"
176-->[:unityLibrary] AndroidManifest.xml:74:13-38
177            android:value="914b2d933e06706d8d33446fdb401357" />
177-->[:unityLibrary] AndroidManifest.xml:75:13-61
178        <meta-data
178-->[:unityLibrary] AndroidManifest.xml:76:9-78:36
179            android:name="use_record_highlight_feature"
179-->[:unityLibrary] AndroidManifest.xml:77:13-56
180            android:value="True" />
180-->[:unityLibrary] AndroidManifest.xml:78:13-33
181        <meta-data
181-->[:unityLibrary] AndroidManifest.xml:73:9-75:64
182            android:name="pvr.app.id"
182-->[:unityLibrary] AndroidManifest.xml:74:13-38
183            android:value="914b2d933e06706d8d33446fdb401357" />
183-->[:unityLibrary] AndroidManifest.xml:75:13-61
184        <meta-data
184-->[:unityLibrary] AndroidManifest.xml:76:9-78:36
185            android:name="use_record_highlight_feature"
185-->[:unityLibrary] AndroidManifest.xml:77:13-56
186            android:value="True" />
186-->[:unityLibrary] AndroidManifest.xml:78:13-33
187        <meta-data
187-->[:unityLibrary] AndroidManifest.xml:73:9-75:64
188            android:name="pvr.app.id"
188-->[:unityLibrary] AndroidManifest.xml:74:13-38
189            android:value="914b2d933e06706d8d33446fdb401357" />
189-->[:unityLibrary] AndroidManifest.xml:75:13-61
190        <meta-data
190-->[:unityLibrary] AndroidManifest.xml:76:9-78:36
191            android:name="use_record_highlight_feature"
191-->[:unityLibrary] AndroidManifest.xml:77:13-56
192            android:value="True" />
192-->[:unityLibrary] AndroidManifest.xml:78:13-33
193        <meta-data
193-->[:unityLibrary] AndroidManifest.xml:73:9-75:64
194            android:name="pvr.app.id"
194-->[:unityLibrary] AndroidManifest.xml:74:13-38
195            android:value="914b2d933e06706d8d33446fdb401357" />
195-->[:unityLibrary] AndroidManifest.xml:75:13-61
196        <meta-data
196-->[:unityLibrary] AndroidManifest.xml:76:9-78:36
197            android:name="use_record_highlight_feature"
197-->[:unityLibrary] AndroidManifest.xml:77:13-56
198            android:value="True" />
198-->[:unityLibrary] AndroidManifest.xml:78:13-33
199        <meta-data
199-->[:unityLibrary] AndroidManifest.xml:73:9-75:64
200            android:name="pvr.app.id"
200-->[:unityLibrary] AndroidManifest.xml:74:13-38
201            android:value="914b2d933e06706d8d33446fdb401357" />
201-->[:unityLibrary] AndroidManifest.xml:75:13-61
202        <meta-data
202-->[:unityLibrary] AndroidManifest.xml:76:9-78:36
203            android:name="use_record_highlight_feature"
203-->[:unityLibrary] AndroidManifest.xml:77:13-56
204            android:value="True" />
204-->[:unityLibrary] AndroidManifest.xml:78:13-33
205        <meta-data
205-->[:unityLibrary] AndroidManifest.xml:73:9-75:64
206            android:name="pvr.app.id"
206-->[:unityLibrary] AndroidManifest.xml:74:13-38
207            android:value="914b2d933e06706d8d33446fdb401357" />
207-->[:unityLibrary] AndroidManifest.xml:75:13-61
208        <meta-data
208-->[:unityLibrary] AndroidManifest.xml:76:9-78:36
209            android:name="use_record_highlight_feature"
209-->[:unityLibrary] AndroidManifest.xml:77:13-56
210            android:value="True" />
210-->[:unityLibrary] AndroidManifest.xml:78:13-33
211        <meta-data
211-->[:unityLibrary] AndroidManifest.xml:73:9-75:64
212            android:name="pvr.app.id"
212-->[:unityLibrary] AndroidManifest.xml:74:13-38
213            android:value="914b2d933e06706d8d33446fdb401357" />
213-->[:unityLibrary] AndroidManifest.xml:75:13-61
214        <meta-data
214-->[:unityLibrary] AndroidManifest.xml:76:9-78:36
215            android:name="use_record_highlight_feature"
215-->[:unityLibrary] AndroidManifest.xml:77:13-56
216            android:value="True" />
216-->[:unityLibrary] AndroidManifest.xml:78:13-33
217    </application>
218
219</manifest>